2011-08-19 16:20:32 Notice: Notice (8): Undefined index: cron in [/var/www/nomnom/app/views/getters/index.ctp, line 24]
2011-08-19 16:25:07 Notice: Notice (8): Undefined index: cron in [/var/www/nomnom/app/views/getters/index.ctp, line 24]
2011-08-19 16:38:29 Notice: Notice (8): Undefined index: cron in [/var/www/nomnom/app/views/getters/index.ctp, line 24]
2011-08-19 18:54:39 Notice: Notice (8): session_start() [http://php.net/function.session-start]: ps_files_cleanup_dir: opendir(/var/lib/php5) failed: Permission denied (13) in [/var/www/nomnom/cake/libs/cake_session.php, line 587]
2011-08-20 21:03:51 Notice: Notice (8): Undefined offset: 2 in [/var/www/nomnom/app/views/layouts/clean.ctp, line 42]
2011-08-20 21:22:39 Notice: Notice (8): Undefined property: View::$table in [/var/www/nomnom/cake/libs/model/model.php, line 666]
2011-08-20 21:22:39 Notice: Notice (8): Undefined property: View::$useDbConfig in [/var/www/nomnom/cake/libs/model/datasources/dbo_source.php, line 813]
2011-08-20 21:22:39 Notice: Notice (8): Undefined property: View::$useDbConfig in [/var/www/nomnom/cake/libs/model/datasources/dbo_source.php, line 838]
2011-08-20 21:22:39 Notice: Notice (8): Undefined property: View::$useDbConfig in [/var/www/nomnom/cake/libs/model/datasources/dbo_source.php, line 841]
2011-08-20 21:23:11 Notice: Notice (8): Undefined property: View::$alias in [/var/www/nomnom/cake/libs/controller/controller.php, line 1107]
2011-08-20 21:25:24 Notice: Notice (8): Undefined property: View::$alias in [/var/www/nomnom/cake/libs/controller/controller.php, line 1107]
2011-08-20 21:25:25 Notice: Notice (8): Undefined property: View::$alias in [/var/www/nomnom/cake/libs/controller/controller.php, line 1107]
2011-08-20 21:25:25 Notice: Notice (8): Undefined property: View::$alias in [/var/www/nomnom/cake/libs/controller/controller.php, line 1107]
2011-08-20 21:32:38 Notice: Notice (8): Undefined variable: items in [/var/www/nomnom/app/views/dbviews/index.ctp, line 10]
2011-08-20 21:33:39 Notice: Notice (8): Undefined variable: items in [/var/www/nomnom/app/views/dbviews/index.ctp, line 10]
2011-08-20 21:34:27 Notice: Notice (8): Undefined index: Item in [/var/www/nomnom/app/views/dashboards/view.ctp, line 6]
2011-08-20 21:34:27 Notice: Notice (8): Undefined index: Item in [/var/www/nomnom/app/views/dashboards/view.ctp, line 16]
2011-08-20 23:11:37 Notice: Notice (8): Undefined property: DbviewsController::$Session in [/var/www/nomnom/app/controllers/dbviews_controller.php, line 40]
2011-08-21 01:16:52 Notice: Notice (8): session_start() [http://php.net/function.session-start]: ps_files_cleanup_dir: opendir(/var/lib/php5) failed: Permission denied (13) in [/var/www/nomnom/cake/libs/cake_session.php, line 587]
2011-08-21 15:32:22 Notice: Notice (8): Undefined variable: dbview in [/var/www/nomnom/app/views/dbviews/add.ctp, line 22]
2011-08-21 15:32:22 Notice: Notice (8): Undefined variable: dbview in [/var/www/nomnom/app/views/dbviews/add.ctp, line 23]
2011-08-21 15:32:22 Notice: Notice (8): Undefined property: View::$Paginator in [/var/www/nomnom/app/views/dbviews/add.ctp, line 30]
2011-08-21 16:16:39 Notice: Notice (8): Undefined offset: 0 in [/var/www/nomnom/app/views/dbviews/add.ctp, line 22]
2011-08-21 16:16:39 Notice: Notice (8): Array to string conversion in [/var/www/nomnom/app/views/dbviews/add.ctp, line 22]
2011-08-21 16:16:56 Notice: Notice (8): Undefined offset: 0 in [/var/www/nomnom/app/views/dbviews/add.ctp, line 22]
2011-08-21 16:16:56 Notice: Notice (8): Array to string conversion in [/var/www/nomnom/app/views/dbviews/add.ctp, line 22]
2011-08-21 16:18:06 Notice: Notice (8): Undefined offset: 0 in [/var/www/nomnom/app/views/dbviews/add.ctp, line 22]
2011-08-21 16:18:06 Notice: Notice (8): Array to string conversion in [/var/www/nomnom/app/views/dbviews/add.ctp, line 22]
2011-08-21 16:26:52 Notice: Notice (8): Undefined offset: 0 in [/var/www/nomnom/app/views/dbviews/add.ctp, line 22]
2011-08-21 16:26:52 Notice: Notice (8): Array to string conversion in [/var/www/nomnom/app/views/dbviews/add.ctp, line 22]
2011-08-21 16:33:14 Notice: Notice (8): Undefined variable: dbview in [/var/www/nomnom/app/views/dbviews/add.ctp, line 27]
2011-08-21 16:33:23 Notice: Notice (8): Undefined variable: dbview in [/var/www/nomnom/app/views/dbviews/add.ctp, line 27]
2011-08-21 17:27:29 Notice: Notice (8): Undefined variable: dashboard_id in [/var/www/nomnom/app/views/dbviews/add.ctp, line 28]
2011-08-21 17:28:29 Notice: Notice (8): Undefined variable: dashboard_id in [/var/www/nomnom/app/views/dbviews/add.ctp, line 28]
2011-08-21 18:01:31 Notice: Notice (8): Undefined variable: dashboards in [/var/www/nomnom/app/views/layouts/clean.ctp, line 66]
2011-08-21 18:16:36 Notice: Notice (8): Undefined variable: dashboards in [/var/www/nomnom/app/views/layouts/clean.ctp, line 135]
2011-08-21 18:16:51 Notice: Notice (8): Undefined variable: dashboards in [/var/www/nomnom/app/views/layouts/clean.ctp, line 134]
2011-08-21 18:16:59 Notice: Notice (8): Undefined variable: dashboards in [/var/www/nomnom/app/views/layouts/clean.ctp, line 134]
2011-08-21 18:17:01 Notice: Notice (8): Undefined variable: dashboards in [/var/www/nomnom/app/views/layouts/clean.ctp, line 134]
2011-08-21 18:17:03 Notice: Notice (8): Undefined variable: dashboards in [/var/www/nomnom/app/views/layouts/clean.ctp, line 134]
2011-08-21 18:18:13 Notice: Notice (8): Undefined variable: dashboards in [/var/www/nomnom/app/views/layouts/clean.ctp, line 152]
2011-08-21 18:18:13 Notice: Notice (8): Undefined variable: dashboards in [/var/www/nomnom/app/views/layouts/clean.ctp, line 152]
2011-08-21 18:23:05 Notice: Notice (8): Undefined variable: dashboards in [/var/www/nomnom/app/views/layouts/clean.ctp, line 89]
2011-08-21 18:23:12 Notice: Notice (8): Undefined variable: dashboards in [/var/www/nomnom/app/views/layouts/clean.ctp, line 89]
2011-08-21 18:23:15 Notice: Notice (8): Undefined variable: dashboards in [/var/www/nomnom/app/views/layouts/clean.ctp, line 89]
2011-08-21 18:23:50 Notice: Notice (8): Undefined variable: dashboards in [/var/www/nomnom/app/views/layouts/clean.ctp, line 90]
2011-08-21 18:23:55 Notice: Notice (8): Undefined variable: dashboards in [/var/www/nomnom/app/views/layouts/clean.ctp, line 90]
2011-08-21 18:24:34 Notice: Notice (8): Undefined variable: dashboards in [/var/www/nomnom/app/views/layouts/clean.ctp, line 90]
2011-08-21 18:38:24 Notice: Notice (8): Undefined variable: id in [/var/www/nomnom/app/views/dashboards/view.ctp, line 1]
2011-08-21 19:22:47 Notice: Notice (8): Undefined property: DbviewsController::$referer in [/var/www/nomnom/app/controllers/dbviews_controller.php, line 55]
2011-08-21 20:38:40 Notice: Notice (8): Undefined variable: templates in [/var/www/nomnom/app/views/dbviews/add.ctp, line 13]
2011-08-21 20:38:40 Notice: Notice (8): Undefined variable: templates in [/var/www/nomnom/app/views/dbviews/add.ctp, line 34]
2011-08-21 20:53:07 Notice: Notice (8): Undefined variable: dblist in [/var/www/nomnom/app/views/layouts/clean.ctp, line 94]
2011-08-21 20:54:23 Notice: Notice (8): Undefined variable: dblist in [/var/www/nomnom/app/views/layouts/clean.ctp, line 94]
2011-08-21 20:54:38 Notice: Notice (8): Undefined variable: dblist in [/var/www/nomnom/app/views/layouts/clean.ctp, line 94]
2011-08-21 20:55:02 Notice: Notice (8): Undefined variable: dblist in [/var/www/nomnom/app/views/layouts/clean.ctp, line 94]
2011-08-21 20:57:36 Notice: Notice (8): Undefined variable: dblist in [/var/www/nomnom/app/views/layouts/clean.ctp, line 94]
2011-08-21 20:58:34 Notice: Notice (8): Undefined variable: dblist in [/var/www/nomnom/app/views/layouts/clean.ctp, line 94]
2011-08-21 21:01:32 Notice: Notice (8): Use of undefined constant dashboard_id - assumed 'dashboard_id' in [/var/www/nomnom/app/views/layouts/clean.ctp, line 101]
2011-08-21 21:16:09 Notice: Notice (8): Undefined variable: dblist in [/var/www/firehose/app/views/layouts/clean.ctp, line 88]
2011-08-21 21:16:21 Notice: Notice (8): Undefined variable: dblist in [/var/www/firehose/app/views/layouts/clean.ctp, line 88]
2011-08-21 21:19:25 Notice: Notice (8): Undefined variable: dblist in [/var/www/firehose/app/views/layouts/clean.ctp, line 88]
2011-08-21 21:24:40 Notice: Notice (8): Undefined variable: dblist in [/var/www/firehose/app/views/layouts/clean.ctp, line 88]
