2011-08-20 21:22:39 Error: Fatal Error (256): ConnectionManager::getDataSource - Non-existent data source  in [/var/www/nomnom/cake/libs/model/connection_manager.php, line 102]
2011-08-20 21:32:38 Warning: Warning (2): Invalid argument supplied for foreach() in [/var/www/nomnom/app/views/dbviews/index.ctp, line 10]
2011-08-20 21:33:39 Warning: Warning (2): Invalid argument supplied for foreach() in [/var/www/nomnom/app/views/dbviews/index.ctp, line 10]
2011-08-20 21:34:27 Warning: Warning (2): Invalid argument supplied for foreach() in [/var/www/nomnom/app/views/dashboards/view.ctp, line 6]
2011-08-20 21:34:27 Warning: Warning (2): Invalid argument supplied for foreach() in [/var/www/nomnom/app/views/dashboards/view.ctp, line 16]
2011-08-21 02:13:39 Warning: Warning (2): file_get_contents(/var/www/nomnom/app/templates/viewstag.value vs time.js) [http://php.net/function.file-get-contents]: failed to open stream: No such file or directory in [/var/www/nomnom/app/controllers/dbviews_controller.php, line 33]
2011-08-21 02:14:59 Warning: Warning (2): file_get_contents(/var/www/nomnom/app/templates/viewstag.value_vs_time.js) [http://php.net/function.file-get-contents]: failed to open stream: No such file or directory in [/var/www/nomnom/app/controllers/dbviews_controller.php, line 33]
2011-08-21 17:27:29 Warning: Warning (2): Missing argument 1 for DbviewsController::add() in [/var/www/nomnom/app/controllers/dbviews_controller.php, line 19]
2011-08-21 17:27:29 Warning: Warning (2): Missing argument 2 for DbviewsController::add() in [/var/www/nomnom/app/controllers/dbviews_controller.php, line 19]
2011-08-21 17:28:59 Warning: Warning (2): file_get_contents(/var/www/nomnom/app/templates/views/Array/Array.js) [http://php.net/function.file-get-contents]: failed to open stream: No such file or directory in [/var/www/nomnom/app/controllers/dbviews_controller.php, line 25]
2011-08-21 17:29:50 Warning: Warning (2): file_get_contents(/var/www/nomnom/app/templates/views/Array/Array.js) [http://php.net/function.file-get-contents]: failed to open stream: No such file or directory in [/var/www/nomnom/app/controllers/dbviews_controller.php, line 25]
2011-08-21 17:31:10 Warning: Warning (2): file_get_contents(/var/www/nomnom/app/templates/views/Array/Array.js) [http://php.net/function.file-get-contents]: failed to open stream: No such file or directory in [/var/www/nomnom/app/controllers/dbviews_controller.php, line 25]
2011-08-21 18:01:31 Warning: Warning (2): Invalid argument supplied for foreach() in [/var/www/nomnom/app/views/layouts/clean.ctp, line 66]
2011-08-21 18:16:36 Warning: Warning (2): Invalid argument supplied for foreach() in [/var/www/nomnom/app/views/layouts/clean.ctp, line 135]
2011-08-21 18:16:51 Warning: Warning (2): Invalid argument supplied for foreach() in [/var/www/nomnom/app/views/layouts/clean.ctp, line 134]
2011-08-21 18:16:59 Warning: Warning (2): Invalid argument supplied for foreach() in [/var/www/nomnom/app/views/layouts/clean.ctp, line 134]
2011-08-21 18:17:01 Warning: Warning (2): Invalid argument supplied for foreach() in [/var/www/nomnom/app/views/layouts/clean.ctp, line 134]
2011-08-21 18:17:03 Warning: Warning (2): Invalid argument supplied for foreach() in [/var/www/nomnom/app/views/layouts/clean.ctp, line 134]
2011-08-21 18:18:13 Warning: Warning (2): Invalid argument supplied for foreach() in [/var/www/nomnom/app/views/layouts/clean.ctp, line 152]
2011-08-21 18:18:13 Warning: Warning (2): Invalid argument supplied for foreach() in [/var/www/nomnom/app/views/layouts/clean.ctp, line 152]
2011-08-21 18:23:05 Warning: Warning (2): Invalid argument supplied for foreach() in [/var/www/nomnom/app/views/layouts/clean.ctp, line 89]
2011-08-21 18:23:12 Warning: Warning (2): Invalid argument supplied for foreach() in [/var/www/nomnom/app/views/layouts/clean.ctp, line 89]
2011-08-21 18:23:15 Warning: Warning (2): Invalid argument supplied for foreach() in [/var/www/nomnom/app/views/layouts/clean.ctp, line 89]
2011-08-21 18:23:50 Warning: Warning (2): Invalid argument supplied for foreach() in [/var/www/nomnom/app/views/layouts/clean.ctp, line 90]
2011-08-21 18:23:55 Warning: Warning (2): Invalid argument supplied for foreach() in [/var/www/nomnom/app/views/layouts/clean.ctp, line 90]
2011-08-21 18:24:34 Warning: Warning (2): Invalid argument supplied for foreach() in [/var/www/nomnom/app/views/layouts/clean.ctp, line 90]
2011-08-21 20:38:40 Warning: Warning (2): Invalid argument supplied for foreach() in [/var/www/nomnom/app/views/dbviews/add.ctp, line 13]
2011-08-21 20:38:40 Warning: Warning (2): Invalid argument supplied for foreach() in [/var/www/nomnom/app/views/dbviews/add.ctp, line 34]
2011-08-21 20:53:06 Warning: Warning (2): mysql_connect() [http://php.net/function.mysql-connect]: Access denied for user 'root'@'localhost' (using password: NO) in [/var/www/nomnom/cake/libs/model/datasources/dbo/dbo_mysql.php, line 561]
2011-08-21 20:53:07 Warning: Warning (2): mysql_query() expects parameter 2 to be resource, boolean given in [/var/www/nomnom/cake/libs/model/datasources/dbo/dbo_mysql.php, line 613]
2011-08-21 20:53:07 Warning: Warning (2): Invalid argument supplied for foreach() in [/var/www/nomnom/app/views/layouts/clean.ctp, line 94]
2011-08-21 20:54:23 Warning: Warning (2): mysql_connect() [http://php.net/function.mysql-connect]: Access denied for user 'root'@'localhost' (using password: NO) in [/var/www/nomnom/cake/libs/model/datasources/dbo/dbo_mysql.php, line 561]
2011-08-21 20:54:23 Warning: Warning (2): mysql_query() expects parameter 2 to be resource, boolean given in [/var/www/nomnom/cake/libs/model/datasources/dbo/dbo_mysql.php, line 613]
2011-08-21 20:54:23 Warning: Warning (2): Invalid argument supplied for foreach() in [/var/www/nomnom/app/views/layouts/clean.ctp, line 94]
2011-08-21 20:54:38 Warning: Warning (2): mysql_connect() [http://php.net/function.mysql-connect]: Access denied for user 'root'@'localhost' (using password: NO) in [/var/www/nomnom/cake/libs/model/datasources/dbo/dbo_mysql.php, line 561]
2011-08-21 20:54:38 Warning: Warning (2): mysql_query() expects parameter 2 to be resource, boolean given in [/var/www/nomnom/cake/libs/model/datasources/dbo/dbo_mysql.php, line 613]
2011-08-21 20:54:38 Warning: Warning (2): Invalid argument supplied for foreach() in [/var/www/nomnom/app/views/layouts/clean.ctp, line 94]
2011-08-21 20:55:02 Warning: Warning (2): mysql_connect() [http://php.net/function.mysql-connect]: Access denied for user 'root'@'localhost' (using password: NO) in [/var/www/nomnom/cake/libs/model/datasources/dbo/dbo_mysql.php, line 561]
2011-08-21 20:55:02 Warning: Warning (2): mysql_query() expects parameter 2 to be resource, boolean given in [/var/www/nomnom/cake/libs/model/datasources/dbo/dbo_mysql.php, line 613]
2011-08-21 20:55:02 Warning: Warning (2): Invalid argument supplied for foreach() in [/var/www/nomnom/app/views/layouts/clean.ctp, line 94]
2011-08-21 20:57:36 Warning: Warning (2): Invalid argument supplied for foreach() in [/var/www/nomnom/app/views/layouts/clean.ctp, line 94]
2011-08-21 20:58:34 Warning: Warning (2): Invalid argument supplied for foreach() in [/var/www/nomnom/app/views/layouts/clean.ctp, line 94]
2011-08-21 21:16:09 Warning: Warning (2): Invalid argument supplied for foreach() in [/var/www/firehose/app/views/layouts/clean.ctp, line 88]
2011-08-21 21:16:21 Warning: Warning (2): Invalid argument supplied for foreach() in [/var/www/firehose/app/views/layouts/clean.ctp, line 88]
2011-08-21 21:19:25 Warning: Warning (2): Invalid argument supplied for foreach() in [/var/www/firehose/app/views/layouts/clean.ctp, line 88]
2011-08-21 21:24:40 Warning: Warning (2): Invalid argument supplied for foreach() in [/var/www/firehose/app/views/layouts/clean.ctp, line 88]
